<?xml version="1.0" encoding="UTF-8"?>
<testsuite name="com.mrgi_portal.gradle_scaffold.GradleExampleApplicationTest" tests="1" skipped="0" failures="0" errors="0" timestamp="2023-06-13T23:19:09" hostname="neuroplexis" time="0.351">
  <properties/>
  <testcase name="contextLoads" classname="com.mrgi_portal.gradle_scaffold.GradleExampleApplicationTest" time="0.351"/>
  <system-out><![CDATA[19:19:06.531 [Test worker] DEBUG org.springframework.test.context.junit4.SpringJUnit4ClassRunner - SpringJUnit4ClassRunner constructor called with [class com.mrgi_portal.gradle_scaffold.GradleExampleApplicationTest]
19:19:06.542 [Test worker] DEBUG org.springframework.test.context.BootstrapUtils - Instantiating CacheAwareContextLoaderDelegate from class [org.springframework.test.context.cache.DefaultCacheAwareContextLoaderDelegate]
19:19:06.553 [Test worker] DEBUG org.springframework.test.context.BootstrapUtils - Instantiating BootstrapContext using constructor [public org.springframework.test.context.support.DefaultBootstrapContext(java.lang.Class,org.springframework.test.context.CacheAwareContextLoaderDelegate)]
19:19:06.573 [Test worker] DEBUG org.springframework.test.context.BootstrapUtils - Instantiating TestContextBootstrapper for test class [com.mrgi_portal.gradle_scaffold.GradleExampleApplicationTest] from class [org.springframework.boot.test.context.SpringBootTestContextBootstrapper]
19:19:06.586 [Test worker] INFO org.springframework.boot.test.context.SpringBootTestContextBootstrapper - Neither @ContextConfiguration nor @ContextHierarchy found for test class [com.mrgi_portal.gradle_scaffold.GradleExampleApplicationTest], using SpringBootContextLoader
19:19:06.590 [Test worker] DEBUG org.springframework.test.context.support.AbstractContextLoader - Did not detect default resource location for test class [com.mrgi_portal.gradle_scaffold.GradleExampleApplicationTest]: class path resource [com/mrgi_portal/gradle_scaffold/GradleExampleApplicationTest-context.xml] does not exist
19:19:06.591 [Test worker] DEBUG org.springframework.test.context.support.AbstractContextLoader - Did not detect default resource location for test class [com.mrgi_portal.gradle_scaffold.GradleExampleApplicationTest]: class path resource [com/mrgi_portal/gradle_scaffold/GradleExampleApplicationTestContext.groovy] does not exist
19:19:06.592 [Test worker] INFO org.springframework.test.context.support.AbstractContextLoader - Could not detect default resource locations for test class [com.mrgi_portal.gradle_scaffold.GradleExampleApplicationTest]: no resource found for suffixes {-context.xml, Context.groovy}.
19:19:06.593 [Test worker] INFO org.springframework.test.context.support.AnnotationConfigContextLoaderUtils - Could not detect default configuration classes for test class [com.mrgi_portal.gradle_scaffold.GradleExampleApplicationTest]: GradleExampleApplicationTest does not declare any static, non-private, non-final, nested classes annotated with @Configuration.
19:19:06.654 [Test worker] DEBUG org.springframework.test.context.support.ActiveProfilesUtils - Could not find an 'annotation declaring class' for annotation type [org.springframework.test.context.ActiveProfiles] and class [com.mrgi_portal.gradle_scaffold.GradleExampleApplicationTest]
19:19:06.719 [Test worker] DEBUG org.springframework.context.annotation.ClassPathScanningCandidateComponentProvider - Identified candidate component class: file [/home/gwspecter/Documents/Software/Java/gradle-k8s--v2/build/classes/java/main/com/mrgi_portal/gradle_scaffold/GradleExampleApplication.class]
19:19:06.720 [Test worker] INFO org.springframework.boot.test.context.SpringBootTestContextBootstrapper - Found @SpringBootConfiguration com.mrgi_portal.gradle_scaffold.GradleExampleApplication for test class com.mrgi_portal.gradle_scaffold.GradleExampleApplicationTest
19:19:06.803 [Test worker] DEBUG org.springframework.boot.test.context.SpringBootTestContextBootstrapper - @TestExecutionListeners is not present for class [com.mrgi_portal.gradle_scaffold.GradleExampleApplicationTest]: using defaults.
19:19:06.803 [Test worker] INFO org.springframework.boot.test.context.SpringBootTestContextBootstrapper - Loaded default TestExecutionListener class names from location [META-INF/spring.factories]: [org.springframework.boot.test.autoconfigure.restdocs.RestDocsTestExecutionListener, org.springframework.boot.test.autoconfigure.web.client.MockRestServiceServerResetTestExecutionListener, org.springframework.boot.test.autoconfigure.web.servlet.MockMvcPrintOnlyOnFailureTestExecutionListener, org.springframework.boot.test.autoconfigure.web.servlet.WebDriverTestExecutionListener, org.springframework.boot.test.mock.mockito.MockitoTestExecutionListener, org.springframework.boot.test.mock.mockito.ResetMocksTestExecutionListener, org.springframework.test.context.web.ServletTestExecutionListener, org.springframework.test.context.support.DirtiesContextBeforeModesTestExecutionListener, org.springframework.test.context.support.DependencyInjectionTestExecutionListener, org.springframework.test.context.support.DirtiesContextTestExecutionListener, org.springframework.test.context.transaction.TransactionalTestExecutionListener, org.springframework.test.context.jdbc.SqlScriptsTestExecutionListener]
19:19:06.816 [Test worker] DEBUG org.springframework.boot.test.context.SpringBootTestContextBootstrapper - Skipping candidate TestExecutionListener [org.springframework.test.context.transaction.TransactionalTestExecutionListener] due to a missing dependency. Specify custom listener classes or make the default listener classes and their required dependencies available. Offending class: [org/springframework/transaction/interceptor/TransactionAttributeSource]
19:19:06.817 [Test worker] DEBUG org.springframework.boot.test.context.SpringBootTestContextBootstrapper - Skipping candidate TestExecutionListener [org.springframework.test.context.jdbc.SqlScriptsTestExecutionListener] due to a missing dependency. Specify custom listener classes or make the default listener classes and their required dependencies available. Offending class: [org/springframework/transaction/interceptor/TransactionAttribute]
19:19:06.817 [Test worker] INFO org.springframework.boot.test.context.SpringBootTestContextBootstrapper - Using TestExecutionListeners: [org.springframework.test.context.web.ServletTestExecutionListener@55c36fef, org.springframework.test.context.support.DirtiesContextBeforeModesTestExecutionListener@5ca65f05, org.springframework.boot.test.mock.mockito.MockitoTestExecutionListener@5fd6b38, org.springframework.boot.test.autoconfigure.SpringBootDependencyInjectionTestExecutionListener@401f1943, org.springframework.test.context.support.DirtiesContextTestExecutionListener@eedaab8, org.springframework.boot.test.autoconfigure.restdocs.RestDocsTestExecutionListener@60dd9217, org.springframework.boot.test.autoconfigure.web.client.MockRestServiceServerResetTestExecutionListener@e17819f, org.springframework.boot.test.autoconfigure.web.servlet.MockMvcPrintOnlyOnFailureTestExecutionListener@36fa441f, org.springframework.boot.test.autoconfigure.web.servlet.WebDriverTestExecutionListener@55a18012, org.springframework.boot.test.mock.mockito.ResetMocksTestExecutionListener@59e0ed9b]
19:19:06.820 [Test worker] DEBUG org.springframework.test.annotation.ProfileValueUtils - Retrieved @ProfileValueSourceConfiguration [null] for test class [com.mrgi_portal.gradle_scaffold.GradleExampleApplicationTest]
19:19:06.821 [Test worker] DEBUG org.springframework.test.annotation.ProfileValueUtils - Retrieved ProfileValueSource type [class org.springframework.test.annotation.SystemProfileValueSource] for class [com.mrgi_portal.gradle_scaffold.GradleExampleApplicationTest]
19:19:06.822 [Test worker] DEBUG org.springframework.test.annotation.ProfileValueUtils - Retrieved @ProfileValueSourceConfiguration [null] for test class [com.mrgi_portal.gradle_scaffold.GradleExampleApplicationTest]
19:19:06.822 [Test worker] DEBUG org.springframework.test.annotation.ProfileValueUtils - Retrieved ProfileValueSource type [class org.springframework.test.annotation.SystemProfileValueSource] for class [com.mrgi_portal.gradle_scaffold.GradleExampleApplicationTest]
19:19:06.828 [Test worker] DEBUG org.springframework.test.context.support.AbstractDirtiesContextTestExecutionListener - Before test class: context [DefaultTestContext@32b79aba testClass = GradleExampleApplicationTest, testInstance = [null], testMethod = [null], testException = [null], mergedContextConfiguration = [WebMergedContextConfiguration@6feadce6 testClass = GradleExampleApplicationTest, locations = '{}', classes = '{class com.mrgi_portal.gradle_scaffold.GradleExampleApplication}', contextInitializerClasses = '[]', activeProfiles = '{}', propertySourceLocations = '{}', propertySourceProperties = '{org.springframework.boot.test.context.SpringBootTestContextBootstrapper=true}', contextCustomizers = set[org.springframework.boot.test.autoconfigure.properties.PropertyMappingContextCustomizer@0, org.springframework.boot.test.autoconfigure.web.servlet.WebDriverContextCustomizerFactory$Customizer@1e7d537e, org.springframework.boot.test.context.filter.ExcludeFilterContextCustomizer@1fcfd442, org.springframework.boot.test.json.DuplicateJsonObjectContextCustomizerFactory$DuplicateJsonObjectContextCustomizer@71f5fe53, org.springframework.boot.test.mock.mockito.MockitoContextCustomizer@0, org.springframework.boot.test.web.client.TestRestTemplateContextCustomizer@424bf819], resourceBasePath = 'src/main/webapp', contextLoader = 'org.springframework.boot.test.context.SpringBootContextLoader', parent = [null]], attributes = map['org.springframework.test.context.web.ServletTestExecutionListener.activateListener' -> true]], class annotated with @DirtiesContext [false] with mode [null].
19:19:06.828 [Test worker] DEBUG org.springframework.test.annotation.ProfileValueUtils - Retrieved @ProfileValueSourceConfiguration [null] for test class [com.mrgi_portal.gradle_scaffold.GradleExampleApplicationTest]
19:19:06.829 [Test worker] DEBUG org.springframework.test.annotation.ProfileValueUtils - Retrieved ProfileValueSource type [class org.springframework.test.annotation.SystemProfileValueSource] for class [com.mrgi_portal.gradle_scaffold.GradleExampleApplicationTest]
19:19:06.850 [Test worker] DEBUG org.springframework.test.context.support.TestPropertySourceUtils - Adding inlined properties to environment: {spring.jmx.enabled=false, org.springframework.boot.test.context.SpringBootTestContextBootstrapper=true, server.port=-1}

  .   ____          _            __ _ _
 /\\ / ___'_ __ _ _(_)_ __  __ _ \ \ \ \
( ( )\___ | '_ | '_| | '_ \/ _` | \ \ \ \
 \\/  ___)| |_)| | | | | || (_| |  ) ) ) )
  '  |____| .__|_| |_|_| |_\__, | / / / /
 =========|_|==============|___/=/_/_/_/
 :: Spring Boot ::        (v2.1.4.RELEASE)

2023-06-13 19:19:07.172  INFO 673759 --- [    Test worker] c.m.g.GradleExampleApplicationTest       : Starting GradleExampleApplicationTest on neuroplexis with PID 673759 (started by gwspecter in /home/gwspecter/Documents/Software/Java/gradle-k8s--v2)
2023-06-13 19:19:07.174  INFO 673759 --- [    Test worker] c.m.g.GradleExampleApplicationTest       : No active profile set, falling back to default profiles: default
2023-06-13 19:19:09.160  INFO 673759 --- [    Test worker] o.s.s.concurrent.ThreadPoolTaskExecutor  : Initializing ExecutorService 'applicationTaskExecutor'
2023-06-13 19:19:09.314  INFO 673759 --- [    Test worker] o.s.b.a.w.s.WelcomePageHandlerMapping    : Adding welcome page: class path resource [static/index.html]
2023-06-13 19:19:09.830  INFO 673759 --- [    Test worker] o.s.b.a.e.web.EndpointLinksResolver      : Exposing 2 endpoint(s) beneath base path '/actuator'
2023-06-13 19:19:09.910  INFO 673759 --- [    Test worker] c.m.g.GradleExampleApplicationTest       : Started GradleExampleApplicationTest in 3.05 seconds (JVM running for 4.0)
]]></system-out>
  <system-err><![CDATA[]]></system-err>
</testsuite>
